<?xml version="1.0" encoding="UTF-8"?>
<!-- Generated by org.testng.reporters.JUnitXMLReporter -->
<testsuite hostname="DESKTOP-UFLT0U7" name="Default test" tests="4" failures="0" timestamp="19 May 2022 06:51:27 GMT" time="17.997" errors="0">
  <testcase name="verifyLogin" time="6.579" classname="may16.OrangeHRM"/>
  <testcase name="verifyLogin" time="1.413" classname="may16.OrangeHRM"/>
  <testcase name="verifyLogin" time="1.354" classname="may16.OrangeHRM"/>
  <testcase name="verifyLogin" time="2.057" classname="may16.OrangeHRM"/>
</testsuite> <!-- Default test -->
