<?xml version="1.0" encoding="UTF-8"?>
<testng-results skipped="0" failed="0" total="1" passed="1">
  <reporter-output>
  </reporter-output>
  <suite name="Jayesh" duration-ms="26493" started-at="2022-05-19T15:10:21Z" finished-at="2022-05-19T15:10:48Z">
    <groups>
    </groups>
    <test name="FacebookReport" duration-ms="26493" started-at="2022-05-19T15:10:21Z" finished-at="2022-05-19T15:10:48Z">
      <class name="may16.FacebookParameters">
        <test-method status="PASS" signature="setUp(java.lang.String)[pri:0, instance:may16.FacebookParameters@5622fdf]" name="setUp" is-config="true" duration-ms="12842" started-at="2022-05-19T20:40:21Z" finished-at="2022-05-19T20:40:34Z">
          <params>
            <param index="0">
              <value>
                <![CDATA[https://www.facebook.com/]]>
              </value>
            </param>
          </params>
          <reporter-output>
          </reporter-output>
        </test-method> <!-- setUp -->
        <test-method status="PASS" signature="createAccount(java.lang.String, java.lang.String, java.lang.String, java.lang.String, java.lang.String, java.lang.String, java.lang.String, java.lang.String)[pri:0, instance:may16.FacebookParameters@5622fdf]" name="createAccount" duration-ms="12775" started-at="2022-05-19T20:40:34Z" finished-at="2022-05-19T20:40:47Z">
          <params>
            <param index="0">
              <value>
                <![CDATA[Selenium]]>
              </value>
            </param>
            <param index="1">
              <value>
                <![CDATA[testing]]>
              </value>
            </param>
            <param index="2">
              <value>
                <![CDATA[Selenium@gmail.com]]>
              </value>
            </param>
            <param index="3">
              <value>
                <![CDATA[Selenium@gmail.com]]>
              </value>
            </param>
            <param index="4">
              <value>
                <![CDATA[Selenium@2345]]>
              </value>
            </param>
            <param index="5">
              <value>
                <![CDATA[15]]>
              </value>
            </param>
            <param index="6">
              <value>
                <![CDATA[Dec]]>
              </value>
            </param>
            <param index="7">
              <value>
                <![CDATA[1978]]>
              </value>
            </param>
          </params>
          <reporter-output>
          </reporter-output>
        </test-method> <!-- createAccount -->
        <test-method status="PASS" signature="tearDown()[pri:0, instance:may16.FacebookParameters@5622fdf]" name="tearDown" is-config="true" duration-ms="687" started-at="2022-05-19T20:40:47Z" finished-at="2022-05-19T20:40:48Z">
          <reporter-output>
          </reporter-output>
        </test-method> <!-- tearDown -->
      </class> <!-- may16.FacebookParameters -->
    </test> <!-- FacebookReport -->
  </suite> <!-- Jayesh -->
</testng-results>
